1645994978796	geckodriver	INFO	Listening on 127.0.0.1:57219
1645994981804	mozrunner::runner	INFO	Running command: "C:\\Program Files\\Mozilla Firefox\\firefox.exe" "--marionette" "--remote-debugging-port" "57220" "-no-remote" "-profile" "C:\\Users\\D\\AppData\\Local\\Temp\\rust_mozprofileTMq6mg"
[GFX1]: Potential driver version mismatch ignored due to missing DLLs igd10umd64 v= and igd10iumd64 v=
1645994986518	Marionette	INFO	Marionette enabled
[GFX1]: Potential driver version mismatch ignored due to missing DLLs igd10umd64 v= and igd10iumd64 v=
[GFX1]: Potential driver version mismatch ignored due to missing DLLs igd10umd64 v= and igd10iumd64 v=
[GFX1]: Potential driver version mismatch ignored due to missing DLLs igd10umd64 v= and igd10iumd64 v=
[GFX1]: Potential driver version mismatch ignored due to missing DLLs igd10umd64 v= and igd10iumd64 v=
console.warn: SearchSettings: "get: No settings file exists, new profile?" (new NotFoundError("Could not open the file at C:\\Users\\D\\AppData\\Local\\Temp\\rust_mozprofileTMq6mg\\search.json.mozlz4", (void 0)))
DevTools listening on ws://localhost:57220/devtools/browser/f2896ca2-ced1-4cf5-a960-383d6834f0c1
1645994992310	Marionette	INFO	Listening on port 57225
1645994992360	RemoteAgent	WARN	TLS certificate errors will be ignored for this session
console.warn: LoginRecipes: "getRecipes: falling back to a synchronous message for:" "https://www.digikala.com"
console.warn: LoginRecipes: "getRecipes: falling back to a synchronous message for:" "https://www.digikala.com"
console.warn: LoginRecipes: "getRecipes: falling back to a synchronous message for:" "https://www.digikala.com"
JavaScript error: resource://gre/modules/LoginManagerParent.jsm, line 136: TypeError: gRecipeManager is null
JavaScript error: , line 0: uncaught exception: undefined
console.warn: LoginRecipes: "getRecipes: falling back to a synchronous message for:" "https://www.digikala.com"
JavaScript error: resource://gre/modules/LoginManagerParent.jsm, line 136: TypeError: gRecipeManager is null
JavaScript error: , line 0: uncaught exception: undefined
console.warn: LoginRecipes: "getRecipes: falling back to a synchronous message for:" "https://www.digikala.com"
JavaScript error: resource://gre/modules/LoginManagerParent.jsm, line 136: TypeError: gRecipeManager is null
console.warn: LoginRecipes: "getRecipes: falling back to a synchronous message for:" "https://www.digikala.com"
JavaScript error: resource://gre/modules/LoginManagerParent.jsm, line 136: TypeError: gRecipeManager is null
[GFX1]: Potential driver version mismatch ignored due to missing DLLs igd10umd64 v= and igd10iumd64 v=
1645995138326	Marionette	INFO	Stopped listening on port 57225
[Parent 9544, IPC I/O Parent] WARNING: file /builds/worker/checkouts/gecko/ipc/chromium/src/base/process_util_win.cc:167
[Parent 9544, IPC I/O Parent] WARNING: file /builds/worker/checkouts/gecko/ipc/chromium/src/base/process_util_win.cc:167
